# JRE version: Java(TM) SE Runtime Environment (8.0_31-b13) (build 1.8.0_31-b13)
# Java VM: Java HotSpot(TM) 64-Bit Server VM (25.31-b07 mixed mode windows-amd64 compressed oops)
Heap:
 PSYoungGen      total 253952K, used 43936K [0x000000076b380000, 0x0000000782c00000, 0x00000007c0000000)
  eden space 235008K, 18% used [0x000000076b380000,0x000000076de68228,0x0000000779900000)
  from space 18944K, 0% used [0x0000000779900000,0x0000000779900000,0x000000077ab80000)
  to   space 21504K, 0% used [0x0000000781700000,0x0000000781700000,0x0000000782c00000)
 ParOldGen       total 169984K, used 33867K [0x00000006c1a00000, 0x00000006cc000000, 0x000000076b380000)
  object space 169984K, 19% used [0x00000006c1a00000,0x00000006c3b12ed0,0x00000006cc000000)
 Metaspace       used 60838K, capacity 63778K, committed 63872K, reserved 1103872K
  class space    used 8246K, capacity 8742K, committed 8832K, reserved 1048576K
GC Heap History (10 events):
Event: 6.387 GC heap before
{Heap before GC invocations=8 (full 1):
 PSYoungGen      total 142848K, used 20255K [0x000000076b380000, 0x0000000775880000, 0x00000007c0000000)
  eden space 127488K, 3% used [0x000000076b380000,0x000000076b848f10,0x0000000773000000)
  from space 15360K, 99% used [0x0000000774180000,0x000000077507f060,0x0000000775080000)
  to   space 17920K, 0% used [0x0000000773000000,0x0000000773000000,0x0000000774180000)
 ParOldGen       total 115200K, used 14524K [0x00000006c1a00000, 0x00000006c8a80000, 0x000000076b380000)
  object space 115200K, 12% used [0x00000006c1a00000,0x00000006c282f088,0x00000006c8a80000)
 Metaspace       used 33921K, capacity 35366K, committed 35496K, reserved 1079296K
  class space    used 4515K, capacity 4790K, committed 4864K, reserved 1048576K
Event: 6.405 GC heap after
Heap after GC invocations=8 (full 1):
 PSYoungGen      total 145408K, used 14933K [0x000000076b380000, 0x000000077c280000, 0x00000007c0000000)
  eden space 127488K, 0% used [0x000000076b380000,0x000000076b380000,0x0000000773000000)
  from space 17920K, 83% used [0x0000000773000000,0x0000000773e95470,0x0000000774180000)
  to   space 18944K, 0% used [0x000000077b000000,0x000000077b000000,0x000000077c280000)
 ParOldGen       total 115200K, used 14532K [0x00000006c1a00000, 0x00000006c8a80000, 0x000000076b380000)
  object space 115200K, 12% used [0x00000006c1a00000,0x00000006c2831088,0x00000006c8a80000)
 Metaspace       used 33921K, capacity 35366K, committed 35496K, reserved 1079296K
  class space    used 4515K, capacity 4790K, committed 4864K, reserved 1048576K
}
Event: 6.405 GC heap before
{Heap before GC invocations=9 (full 2):
 PSYoungGen      total 145408K, used 14933K [0x000000076b380000, 0x000000077c280000, 0x00000007c0000000)
  eden space 127488K, 0% used [0x000000076b380000,0x000000076b380000,0x0000000773000000)
  from space 17920K, 83% used [0x0000000773000000,0x0000000773e95470,0x0000000774180000)
  to   space 18944K, 0% used [0x000000077b000000,0x000000077b000000,0x000000077c280000)
 ParOldGen       total 115200K, used 14532K [0x00000006c1a00000, 0x00000006c8a80000, 0x000000076b380000)
  object space 115200K, 12% used [0x00000006c1a00000,0x00000006c2831088,0x00000006c8a80000)
 Metaspace       used 33921K, capacity 35366K, committed 35496K, reserved 1079296K
  class space    used 4515K, capacity 4790K, committed 4864K, reserved 1048576K
Event: 6.514 GC heap after
Heap after GC invocations=9 (full 2):
 PSYoungGen      total 145408K, used 0K [0x000000076b380000, 0x000000077c280000, 0x00000007c0000000)
  eden space 127488K, 0% used [0x000000076b380000,0x000000076b380000,0x0000000773000000)
  from space 17920K, 0% used [0x0000000773000000,0x0000000773000000,0x0000000774180000)
  to   space 18944K, 0% used [0x000000077b000000,0x000000077b000000,0x000000077c280000)
 ParOldGen       total 141824K, used 20038K [0x00000006c1a00000, 0x00000006ca480000, 0x000000076b380000)
  object space 141824K, 14% used [0x00000006c1a00000,0x00000006c2d91ba0,0x00000006ca480000)
 Metaspace       used 33921K, capacity 35366K, committed 35496K, reserved 1079296K
  class space    used 4515K, capacity 4790K, committed 4864K, reserved 1048576K
}
Event: 8.885 GC heap before
{Heap before GC invocations=10 (full 2):
 PSYoungGen      total 145408K, used 127488K [0x000000076b380000, 0x000000077c280000, 0x00000007c0000000)
  eden space 127488K, 100% used [0x000000076b380000,0x0000000773000000,0x0000000773000000)
  from space 17920K, 0% used [0x0000000773000000,0x0000000773000000,0x0000000774180000)
  to   space 18944K, 0% used [0x000000077b000000,0x000000077b000000,0x000000077c280000)
 ParOldGen       total 141824K, used 20038K [0x00000006c1a00000, 0x00000006ca480000, 0x000000076b380000)
  object space 141824K, 14% used [0x00000006c1a00000,0x00000006c2d91ba0,0x00000006ca480000)
 Metaspace       used 44676K, capacity 46406K, committed 46720K, reserved 1089536K
  class space    used 5848K, capacity 6152K, committed 6272K, reserved 1048576K
Event: 8.906 GC heap after
Heap after GC invocations=10 (full 2):
 PSYoungGen      total 247296K, used 14037K [0x000000076b380000, 0x000000077be00000, 0x00000007c0000000)
  eden space 232960K, 0% used [0x000000076b380000,0x000000076b380000,0x0000000779700000)
  from space 14336K, 97% used [0x000000077b000000,0x000000077bdb5560,0x000000077be00000)
  to   space 18944K, 0% used [0x0000000779900000,0x0000000779900000,0x000000077ab80000)
 ParOldGen       total 141824K, used 20046K [0x00000006c1a00000, 0x00000006ca480000, 0x000000076b380000)
  object space 141824K, 14% used [0x00000006c1a00000,0x00000006c2d93ba0,0x00000006ca480000)
 Metaspace       used 44676K, capacity 46406K, committed 46720K, reserved 1089536K
  class space    used 5848K, capacity 6152K, committed 6272K, reserved 1048576K
}
Event: 21.585 GC heap before
{Heap before GC invocations=11 (full 2):
 PSYoungGen      total 247296K, used 228513K [0x000000076b380000, 0x000000077be00000, 0x00000007c0000000)
  eden space 232960K, 92% used [0x000000076b380000,0x00000007784f2fa8,0x0000000779700000)
  from space 14336K, 97% used [0x000000077b000000,0x000000077bdb5560,0x000000077be00000)
  to   space 18944K, 0% used [0x0000000779900000,0x0000000779900000,0x000000077ab80000)
 ParOldGen       total 141824K, used 20046K [0x00000006c1a00000, 0x00000006ca480000, 0x000000076b380000)
  object space 141824K, 14% used [0x00000006c1a00000,0x00000006c2d93ba0,0x00000006ca480000)
 Metaspace       used 56941K, capacity 59120K, committed 59160K, reserved 1099776K
  class space    used 7635K, capacity 8027K, committed 8064K, reserved 1048576K
Event: 21.619 GC heap after
Heap after GC invocations=11 (full 2):
 PSYoungGen      total 253952K, used 18922K [0x000000076b380000, 0x0000000782c00000, 0x00000007c0000000)
  eden space 235008K, 0% used [0x000000076b380000,0x000000076b380000,0x0000000779900000)
  from space 18944K, 99% used [0x0000000779900000,0x000000077ab7a8e8,0x000000077ab80000)
  to   space 21504K, 0% used [0x0000000781700000,0x0000000781700000,0x0000000782c00000)
 ParOldGen       total 141824K, used 20706K [0x00000006c1a00000, 0x00000006ca480000, 0x000000076b380000)
  object space 141824K, 14% used [0x00000006c1a00000,0x00000006c2e38a38,0x00000006ca480000)
 Metaspace       used 56941K, capacity 59120K, committed 59160K, reserved 1099776K
  class space    used 7635K, capacity 8027K, committed 8064K, reserved 1048576K
}
Event: 21.619 GC heap before
{Heap before GC invocations=12 (full 3):
 PSYoungGen      total 253952K, used 18922K [0x000000076b380000, 0x0000000782c00000, 0x00000007c0000000)
  eden space 235008K, 0% used [0x000000076b380000,0x000000076b380000,0x0000000779900000)
  from space 18944K, 99% used [0x0000000779900000,0x000000077ab7a8e8,0x000000077ab80000)
  to   space 21504K, 0% used [0x0000000781700000,0x0000000781700000,0x0000000782c00000)
 ParOldGen       total 141824K, used 20706K [0x00000006c1a00000, 0x00000006ca480000, 0x000000076b380000)
  object space 141824K, 14% used [0x00000006c1a00000,0x00000006c2e38a38,0x00000006ca480000)
 Metaspace       used 56941K, capacity 59120K, committed 59160K, reserved 1099776K
  class space    used 7635K, capacity 8027K, committed 8064K, reserved 1048576K
Event: 21.846 GC heap after
Heap after GC invocations=12 (full 3):
 PSYoungGen      total 253952K, used 0K [0x000000076b380000, 0x0000000782c00000, 0x00000007c0000000)
  eden space 235008K, 0% used [0x000000076b380000,0x000000076b380000,0x0000000779900000)
  from space 18944K, 0% used [0x0000000779900000,0x0000000779900000,0x000000077ab80000)
  to   space 21504K, 0% used [0x0000000781700000,0x0000000781700000,0x0000000782c00000)
 ParOldGen       total 169984K, used 33867K [0x00000006c1a00000, 0x00000006cc000000, 0x000000076b380000)
  object space 169984K, 19% used [0x00000006c1a00000,0x00000006c3b12ed0,0x00000006cc000000)
 Metaspace       used 56941K, capacity 59120K, committed 59160K, reserved 1099776K
  class space    used 7635K, capacity 8027K, committed 8064K, reserved 1048576K
}

